<!DOCTYPE html>

<html>
  <head>
  <meta charset='utf-8'>
  <title>TestNG reports</title>

    <link type="text/css" href="testng-reports1.css" rel="stylesheet" id="ultra" />
    <link type="text/css" href="testng-reports.css" rel="stylesheet" id="retro" disabled="false"/>
    <script type="text/javascript" src="jquery-3.6.0.min.js"></script>
    <script type="text/javascript" src="testng-reports.js"></script>
    <script type="text/javascript" src="https://www.google.com/jsapi"></script>
    <script type='text/javascript'>
      google.load('visualization', '1', {packages:['table']});
      google.setOnLoadCallback(drawTable);
      var suiteTableInitFunctions = new Array();
      var suiteTableData = new Array();
    </script>
    <!--
      <script type="text/javascript" src="jquery-ui/js/jquery-ui-1.8.16.custom.min.js"></script>
     -->
  </head>

  <body>    <div class="top-banner-root">
      <span class="top-banner-title-font">Test results</span>
      <button id="button" class="button">Switch Retro Theme</button> <!-- button -->
      <br/>
      <span class="top-banner-font-1">1 suite, 11 failed tests</span>
    </div> <!-- top-banner-root -->
    <div class="navigator-root">
      <div class="navigator-suite-header">
        <span>All suites</span>
        <a href="#" title="Collapse/expand all the suites" class="collapse-all-link">
          <img src="collapseall.gif" class="collapse-all-icon">
          </img> <!-- collapse-all-icon -->
        </a> <!-- collapse-all-link -->
      </div> <!-- navigator-suite-header -->
      <div class="suite">
        <div class="rounded-window">
          <div class="suite-header light-rounded-window-top">
            <a href="#" panel-name="suite-Sprint_4_API_Suite" class="navigator-link">
              <span class="suite-name border-failed">Sprint 4 API Suite</span>
            </a> <!-- navigator-link -->
          </div> <!-- suite-header light-rounded-window-top -->
          <div class="navigator-suite-content">
            <div class="suite-section-title">
              <span>Info</span>
            </div> <!-- suite-section-title -->
            <div class="suite-section-content">
              <ul>
                <li>
                  <a href="#" panel-name="test-xml-Sprint_4_API_Suite" class="navigator-link ">
                    <span>C:\Users\agarw\Downloads\sprint4\sprint4\testng.xml</span>
                  </a> <!-- navigator-link  -->
                </li>
                <li>
                  <a href="#" panel-name="testlist-Sprint_4_API_Suite" class="navigator-link ">
                    <span class="test-stats">1 test</span>
                  </a> <!-- navigator-link  -->
                </li>
                <li>
                  <a href="#" panel-name="group-Sprint_4_API_Suite" class="navigator-link ">
                    <span>0 groups</span>
                  </a> <!-- navigator-link  -->
                </li>
                <li>
                  <a href="#" panel-name="times-Sprint_4_API_Suite" class="navigator-link ">
                    <span>Times</span>
                  </a> <!-- navigator-link  -->
                </li>
                <li>
                  <a href="#" panel-name="reporter-Sprint_4_API_Suite" class="navigator-link ">
                    <span>Reporter output</span>
                  </a> <!-- navigator-link  -->
                </li>
                <li>
                  <a href="#" panel-name="ignored-methods-Sprint_4_API_Suite" class="navigator-link ">
                    <span>Ignored methods</span>
                  </a> <!-- navigator-link  -->
                </li>
                <li>
                  <a href="#" panel-name="chronological-Sprint_4_API_Suite" class="navigator-link ">
                    <span>Chronological view</span>
                  </a> <!-- navigator-link  -->
                </li>
              </ul>
            </div> <!-- suite-section-content -->
            <div class="result-section">
              <div class="suite-section-title">
                <span>Results</span>
              </div> <!-- suite-section-title -->
              <div class="suite-section-content">
                <ul>
                  <li>
                    <span class="method-stats">22 methods, 11 failed,   11 passed</span>
                  </li>
                  <li>
                    <span class="method-list-title failed">Failed methods</span>
                    <span class="show-or-hide-methods failed">
                      <a href="#" panel-name="suite-Sprint_4_API_Suite" class="hide-methods failed suite-Sprint_4_API_Suite"> (hide)</a> <!-- hide-methods failed suite-Sprint_4_API_Suite -->
                      <a href="#" panel-name="suite-Sprint_4_API_Suite" class="show-methods failed suite-Sprint_4_API_Suite"> (show)</a> <!-- show-methods failed suite-Sprint_4_API_Suite -->
                    </span>
                    <div class="method-list-content failed suite-Sprint_4_API_Suite">
                      <span>
                        <img src="failed.png" width="3%"/>
                        <a href="#" panel-name="suite-Sprint_4_API_Suite" title="tests.InvalidAuthTest" class="method navigator-link" hash-for-method="loginWithMissingPasswordField">loginWithMissingPasswordField</a> <!-- method navigator-link -->
                      </span>
                      <br/>
                      <span>
                        <img src="failed.png" width="3%"/>
                        <a href="#" panel-name="suite-Sprint_4_API_Suite" title="tests.InvalidAuthTest" class="method navigator-link" hash-for-method="loginWithMissingUsernameField">loginWithMissingUsernameField</a> <!-- method navigator-link -->
                      </span>
                      <br/>
                      <span>
                        <img src="failed.png" width="3%"/>
                        <a href="#" panel-name="suite-Sprint_4_API_Suite" title="tests.StudentRegistrationTest" class="method navigator-link" hash-for-method="registerStudentWithHighCGPA">registerStudentWithHighCGPA</a> <!-- method navigator-link -->
                      </span>
                      <br/>
                      <span>
                        <img src="failed.png" width="3%"/>
                        <a href="#" panel-name="suite-Sprint_4_API_Suite" title="tests.StudentRegistrationTest" class="method navigator-link" hash-for-method="registerStudentWithInvalidEmail">registerStudentWithInvalidEmail</a> <!-- method navigator-link -->
                      </span>
                      <br/>
                      <span>
                        <img src="failed.png" width="3%"/>
                        <a href="#" panel-name="suite-Sprint_4_API_Suite" title="tests.StudentRegistrationTest" class="method navigator-link" hash-for-method="registerStudentWithInvalidMobileNumber">registerStudentWithInvalidMobileNumber</a> <!-- method navigator-link -->
                      </span>
                      <br/>
                      <span>
                        <img src="failed.png" width="3%"/>
                        <a href="#" panel-name="suite-Sprint_4_API_Suite" title="tests.StudentRegistrationTest" class="method navigator-link" hash-for-method="registerStudentWithMissingName">registerStudentWithMissingName</a> <!-- method navigator-link -->
                      </span>
                      <br/>
                      <span>
                        <img src="failed.png" width="3%"/>
                        <a href="#" panel-name="suite-Sprint_4_API_Suite" title="tests.StudentRegistrationTest" class="method navigator-link" hash-for-method="registerStudentWithNegativeBacklogs">registerStudentWithNegativeBacklogs</a> <!-- method navigator-link -->
                      </span>
                      <br/>
                      <span>
                        <img src="failed.png" width="3%"/>
                        <a href="#" panel-name="suite-Sprint_4_API_Suite" title="tests.StudentRegistrationTest" class="method navigator-link" hash-for-method="registerStudentWithoutAuthHeader">registerStudentWithoutAuthHeader</a> <!-- method navigator-link -->
                      </span>
                      <br/>
                      <span>
                        <img src="failed.png" width="3%"/>
                        <a href="#" panel-name="suite-Sprint_4_API_Suite" title="tests.ViewAllStudentsTest" class="method navigator-link" hash-for-method="verifyStudentFields">verifyStudentFields</a> <!-- method navigator-link -->
                      </span>
                      <br/>
                      <span>
                        <img src="failed.png" width="3%"/>
                        <a href="#" panel-name="suite-Sprint_4_API_Suite" title="tests.ViewAllStudentsTest" class="method navigator-link" hash-for-method="verifyStudentsHaveId">verifyStudentsHaveId</a> <!-- method navigator-link -->
                      </span>
                      <br/>
                      <span>
                        <img src="failed.png" width="3%"/>
                        <a href="#" panel-name="suite-Sprint_4_API_Suite" title="tests.ViewAllStudentsTest" class="method navigator-link" hash-for-method="viewAllStudentsWithoutAuthHeader">viewAllStudentsWithoutAuthHeader</a> <!-- method navigator-link -->
                      </span>
                      <br/>
                    </div> <!-- method-list-content failed suite-Sprint_4_API_Suite -->
                  </li>
                  <li>
                    <span class="method-list-title passed">Passed methods</span>
                    <span class="show-or-hide-methods passed">
                      <a href="#" panel-name="suite-Sprint_4_API_Suite" class="hide-methods passed suite-Sprint_4_API_Suite"> (hide)</a> <!-- hide-methods passed suite-Sprint_4_API_Suite -->
                      <a href="#" panel-name="suite-Sprint_4_API_Suite" class="show-methods passed suite-Sprint_4_API_Suite"> (show)</a> <!-- show-methods passed suite-Sprint_4_API_Suite -->
                    </span>
                    <div class="method-list-content passed suite-Sprint_4_API_Suite">
                      <span>
                        <img src="passed.png" width="3%"/>
                        <a href="#" panel-name="suite-Sprint_4_API_Suite" title="tests.AuthTest" class="method navigator-link" hash-for-method="getAccessToken">getAccessToken</a> <!-- method navigator-link -->
                      </span>
                      <br/>
                      <span>
                        <img src="passed.png" width="3%"/>
                        <a href="#" panel-name="suite-Sprint_4_API_Suite" title="tests.InvalidAuthTest" class="method navigator-link" hash-for-method="loginWithBlankCredentials">loginWithBlankCredentials</a> <!-- method navigator-link -->
                      </span>
                      <br/>
                      <span>
                        <img src="passed.png" width="3%"/>
                        <a href="#" panel-name="suite-Sprint_4_API_Suite" title="tests.InvalidAuthTest" class="method navigator-link" hash-for-method="loginWithInvalidPassword">loginWithInvalidPassword</a> <!-- method navigator-link -->
                      </span>
                      <br/>
                      <span>
                        <img src="passed.png" width="3%"/>
                        <a href="#" panel-name="suite-Sprint_4_API_Suite" title="tests.InvalidAuthTest" class="method navigator-link" hash-for-method="loginWithInvalidUsername">loginWithInvalidUsername</a> <!-- method navigator-link -->
                      </span>
                      <br/>
                      <span>
                        <img src="passed.png" width="3%"/>
                        <a href="#" panel-name="suite-Sprint_4_API_Suite" title="tests.StudentRegistrationTest" class="method navigator-link" hash-for-method="registerNewStudent">registerNewStudent</a> <!-- method navigator-link -->
                      </span>
                      <br/>
                      <span>
                        <img src="passed.png" width="3%"/>
                        <a href="#" panel-name="suite-Sprint_4_API_Suite" title="tests.StudentRegistrationTest" class="method navigator-link" hash-for-method="registerStudentWithInvalidToken">registerStudentWithInvalidToken</a> <!-- method navigator-link -->
                      </span>
                      <br/>
                      <span>
                        <img src="passed.png" width="3%"/>
                        <a href="#" panel-name="suite-Sprint_4_API_Suite" title="tests.StudentRegistrationTest" class="method navigator-link" hash-for-method="registerStudentWithMaxCGPA">registerStudentWithMaxCGPA</a> <!-- method navigator-link -->
                      </span>
                      <br/>
                      <span>
                        <img src="passed.png" width="3%"/>
                        <a href="#" panel-name="suite-Sprint_4_API_Suite" title="tests.StudentRegistrationTest" class="method navigator-link" hash-for-method="registerStudentWithMinCGPA">registerStudentWithMinCGPA</a> <!-- method navigator-link -->
                      </span>
                      <br/>
                      <span>
                        <img src="passed.png" width="3%"/>
                        <a href="#" panel-name="suite-Sprint_4_API_Suite" title="tests.StudentRegistrationTest" class="method navigator-link" hash-for-method="registerStudentWithMinimalFields">registerStudentWithMinimalFields</a> <!-- method navigator-link -->
                      </span>
                      <br/>
                      <span>
                        <img src="passed.png" width="3%"/>
                        <a href="#" panel-name="suite-Sprint_4_API_Suite" title="tests.ViewAllStudentsTest" class="method navigator-link" hash-for-method="verifyStudentCount">verifyStudentCount</a> <!-- method navigator-link -->
                      </span>
                      <br/>
                      <span>
                        <img src="passed.png" width="3%"/>
                        <a href="#" panel-name="suite-Sprint_4_API_Suite" title="tests.ViewAllStudentsTest" class="method navigator-link" hash-for-method="viewAllStudents">viewAllStudents</a> <!-- method navigator-link -->
                      </span>
                      <br/>
                    </div> <!-- method-list-content passed suite-Sprint_4_API_Suite -->
                  </li>
                </ul>
              </div> <!-- suite-section-content -->
            </div> <!-- result-section -->
          </div> <!-- navigator-suite-content -->
        </div> <!-- rounded-window -->
      </div> <!-- suite -->
    </div> <!-- navigator-root -->
    <div class="wrapper">
      <div class="main-panel-root">
        <div panel-name="suite-Sprint_4_API_Suite" class="panel Sprint_4_API_Suite">
          <div class="suite-Sprint_4_API_Suite-class-failed">
            <div class="main-panel-header rounded-window-top">
              <img src="failed.png"/>
              <span class="class-name">tests.InvalidAuthTest</span>
            </div> <!-- main-panel-header rounded-window-top -->
            <div class="main-panel-content rounded-window-bottom">
              <div class="method">
                <div class="method-content">
                  <a name="loginWithMissingPasswordField">
                  </a> <!-- loginWithMissingPasswordField -->
                  <span class="method-name">loginWithMissingPasswordField</span>
                  <div class="stack-trace">java.lang.AssertionError: 1 expectation failed.
Expected status code &lt;400&gt; but was &lt;401&gt;.

	at org.codehaus.groovy.runtime.callsite.ConstructorSite$ConstructorSiteNoUnwrapNoCoerce.callConstructor(ConstructorSite.java:108)
	at org.codehaus.groovy.runtime.callsite.CallSiteArray.defaultCallConstructor(CallSiteArray.java:57)
	at org.codehaus.groovy.runtime.callsite.AbstractCallSite.callConstructor(AbstractCallSite.java:263)
	at org.codehaus.groovy.runtime.callsite.AbstractCallSite.callConstructor(AbstractCallSite.java:277)
	at io.restassured.internal.ResponseSpecificationImpl$HamcrestAssertionClosure.validate(ResponseSpecificationImpl.groovy:512)
	at io.restassured.internal.ResponseSpecificationImpl$HamcrestAssertionClosure$validate$1.call(Unknown Source)
	at io.restassured.internal.ResponseSpecificationImpl.validateResponseIfRequired(ResponseSpecificationImpl.groovy:696)
	at io.restassured.internal.ResponseSpecificationImpl.this$2$validateResponseIfRequired(ResponseSpecificationImpl.groovy)
	at org.codehaus.groovy.runtime.callsite.PlainObjectMetaMethodSite.doInvoke(PlainObjectMetaMethodSite.java:43)
	at org.codehaus.groovy.runtime.callsite.PogoMetaMethodSite$PogoCachedMethodSiteNoUnwrapNoCoerce.invoke(PogoMetaMethodSite.java:198)
	at org.codehaus.groovy.runtime.callsite.PogoMetaMethodSite.callCurrent(PogoMetaMethodSite.java:62)
	at org.codehaus.groovy.runtime.callsite.AbstractCallSite.callCurrent(AbstractCallSite.java:185)
	at io.restassured.internal.ResponseSpecificationImpl.statusCode(ResponseSpecificationImpl.groovy:135)
	at io.restassured.specification.ResponseSpecification$statusCode$0.callCurrent(Unknown Source)
	at io.restassured.internal.ResponseSpecificationImpl.statusCode(ResponseSpecificationImpl.groovy:143)
	at io.restassured.internal.ValidatableResponseOptionsImpl.statusCode(ValidatableResponseOptionsImpl.java:89)
	at tests.InvalidAuthTest.loginWithMissingPasswordField(InvalidAuthTest.java:94)
	at java.base/java.util.ArrayList.forEach(ArrayList.java:1604)
... Removed 31 stack frames
</div> <!-- stack-trace -->
                  <em>
(Login with missing password field in the payload)                  </em>
                </div> <!-- method-content -->
              </div> <!-- method -->
              <div class="method">
                <div class="method-content">
                  <a name="loginWithMissingUsernameField">
                  </a> <!-- loginWithMissingUsernameField -->
                  <span class="method-name">loginWithMissingUsernameField</span>
                  <div class="stack-trace">java.lang.AssertionError: 1 expectation failed.
Expected status code &lt;400&gt; but was &lt;401&gt;.

	at org.codehaus.groovy.runtime.callsite.ConstructorSite$ConstructorSiteNoUnwrapNoCoerce.callConstructor(ConstructorSite.java:108)
	at org.codehaus.groovy.runtime.callsite.AbstractCallSite.callConstructor(AbstractCallSite.java:277)
	at io.restassured.internal.ResponseSpecificationImpl$HamcrestAssertionClosure.validate(ResponseSpecificationImpl.groovy:512)
	at io.restassured.internal.ResponseSpecificationImpl$HamcrestAssertionClosure$validate$1.call(Unknown Source)
	at io.restassured.internal.ResponseSpecificationImpl.validateResponseIfRequired(ResponseSpecificationImpl.groovy:696)
	at io.restassured.internal.ResponseSpecificationImpl.this$2$validateResponseIfRequired(ResponseSpecificationImpl.groovy)
	at org.codehaus.groovy.runtime.callsite.PlainObjectMetaMethodSite.doInvoke(PlainObjectMetaMethodSite.java:43)
	at org.codehaus.groovy.runtime.callsite.PogoMetaMethodSite$PogoCachedMethodSiteNoUnwrapNoCoerce.invoke(PogoMetaMethodSite.java:198)
	at org.codehaus.groovy.runtime.callsite.PogoMetaMethodSite.callCurrent(PogoMetaMethodSite.java:62)
	at org.codehaus.groovy.runtime.callsite.AbstractCallSite.callCurrent(AbstractCallSite.java:185)
	at io.restassured.internal.ResponseSpecificationImpl.statusCode(ResponseSpecificationImpl.groovy:135)
	at io.restassured.specification.ResponseSpecification$statusCode$0.callCurrent(Unknown Source)
	at io.restassured.internal.ResponseSpecificationImpl.statusCode(ResponseSpecificationImpl.groovy:143)
	at io.restassured.internal.ValidatableResponseOptionsImpl.statusCode(ValidatableResponseOptionsImpl.java:89)
	at tests.InvalidAuthTest.loginWithMissingUsernameField(InvalidAuthTest.java:78)
	at java.base/java.util.ArrayList.forEach(ArrayList.java:1604)
... Removed 31 stack frames
</div> <!-- stack-trace -->
                  <em>
(Login with missing username field in the payload)                  </em>
                </div> <!-- method-content -->
              </div> <!-- method -->
            </div> <!-- main-panel-content rounded-window-bottom -->
          </div> <!-- suite-Sprint_4_API_Suite-class-failed -->
          <div class="suite-Sprint_4_API_Suite-class-failed">
            <div class="main-panel-header rounded-window-top">
              <img src="failed.png"/>
              <span class="class-name">tests.StudentRegistrationTest</span>
            </div> <!-- main-panel-header rounded-window-top -->
            <div class="main-panel-content rounded-window-bottom">
              <div class="method">
                <div class="method-content">
                  <a name="registerStudentWithHighCGPA">
                  </a> <!-- registerStudentWithHighCGPA -->
                  <span class="method-name">registerStudentWithHighCGPA</span>
                  <div class="stack-trace">java.lang.AssertionError: 1 expectation failed.
Expected status code &lt;400&gt; but was &lt;200&gt;.

	at org.codehaus.groovy.runtime.callsite.ConstructorSite$ConstructorSiteNoUnwrapNoCoerce.callConstructor(ConstructorSite.java:108)
	at org.codehaus.groovy.runtime.callsite.AbstractCallSite.callConstructor(AbstractCallSite.java:277)
	at io.restassured.internal.ResponseSpecificationImpl$HamcrestAssertionClosure.validate(ResponseSpecificationImpl.groovy:512)
	at io.restassured.internal.ResponseSpecificationImpl$HamcrestAssertionClosure$validate$1.call(Unknown Source)
	at io.restassured.internal.ResponseSpecificationImpl.validateResponseIfRequired(ResponseSpecificationImpl.groovy:696)
	at io.restassured.internal.ResponseSpecificationImpl.this$2$validateResponseIfRequired(ResponseSpecificationImpl.groovy)
	at org.codehaus.groovy.runtime.callsite.PlainObjectMetaMethodSite.doInvoke(PlainObjectMetaMethodSite.java:43)
	at org.codehaus.groovy.runtime.callsite.PogoMetaMethodSite$PogoCachedMethodSiteNoUnwrapNoCoerce.invoke(PogoMetaMethodSite.java:198)
	at org.codehaus.groovy.runtime.callsite.PogoMetaMethodSite.callCurrent(PogoMetaMethodSite.java:62)
	at org.codehaus.groovy.runtime.callsite.AbstractCallSite.callCurrent(AbstractCallSite.java:185)
	at io.restassured.internal.ResponseSpecificationImpl.statusCode(ResponseSpecificationImpl.groovy:135)
	at io.restassured.specification.ResponseSpecification$statusCode$0.callCurrent(Unknown Source)
	at io.restassured.internal.ResponseSpecificationImpl.statusCode(ResponseSpecificationImpl.groovy:143)
	at io.restassured.internal.ValidatableResponseOptionsImpl.statusCode(ValidatableResponseOptionsImpl.java:89)
	at tests.StudentRegistrationTest.registerStudentWithHighCGPA(StudentRegistrationTest.java:157)
	at java.base/java.util.ArrayList.forEach(ArrayList.java:1604)
... Removed 31 stack frames
</div> <!-- stack-trace -->
                  <em>
(Attempt to register a student with a CGPA outside the valid range (e.g., > 10))                  </em>
                </div> <!-- method-content -->
              </div> <!-- method -->
              <div class="method">
                <div class="method-content">
                  <a name="registerStudentWithInvalidEmail">
                  </a> <!-- registerStudentWithInvalidEmail -->
                  <span class="method-name">registerStudentWithInvalidEmail</span>
                  <div class="stack-trace">java.lang.AssertionError: 1 expectation failed.
Expected status code &lt;400&gt; but was &lt;200&gt;.

	at org.codehaus.groovy.runtime.callsite.ConstructorSite$ConstructorSiteNoUnwrapNoCoerce.callConstructor(ConstructorSite.java:108)
	at org.codehaus.groovy.runtime.callsite.AbstractCallSite.callConstructor(AbstractCallSite.java:277)
	at io.restassured.internal.ResponseSpecificationImpl$HamcrestAssertionClosure.validate(ResponseSpecificationImpl.groovy:512)
	at io.restassured.internal.ResponseSpecificationImpl$HamcrestAssertionClosure$validate$1.call(Unknown Source)
	at io.restassured.internal.ResponseSpecificationImpl.validateResponseIfRequired(ResponseSpecificationImpl.groovy:696)
	at io.restassured.internal.ResponseSpecificationImpl.this$2$validateResponseIfRequired(ResponseSpecificationImpl.groovy)
	at org.codehaus.groovy.runtime.callsite.PlainObjectMetaMethodSite.doInvoke(PlainObjectMetaMethodSite.java:43)
	at org.codehaus.groovy.runtime.callsite.PogoMetaMethodSite$PogoCachedMethodSiteNoUnwrapNoCoerce.invoke(PogoMetaMethodSite.java:198)
	at org.codehaus.groovy.runtime.callsite.PogoMetaMethodSite.callCurrent(PogoMetaMethodSite.java:62)
	at org.codehaus.groovy.runtime.callsite.AbstractCallSite.callCurrent(AbstractCallSite.java:185)
	at io.restassured.internal.ResponseSpecificationImpl.statusCode(ResponseSpecificationImpl.groovy:135)
	at io.restassured.specification.ResponseSpecification$statusCode$0.callCurrent(Unknown Source)
	at io.restassured.internal.ResponseSpecificationImpl.statusCode(ResponseSpecificationImpl.groovy:143)
	at io.restassured.internal.ValidatableResponseOptionsImpl.statusCode(ValidatableResponseOptionsImpl.java:89)
	at tests.StudentRegistrationTest.registerStudentWithInvalidEmail(StudentRegistrationTest.java:100)
	at java.base/java.util.ArrayList.forEach(ArrayList.java:1604)
... Removed 31 stack frames
</div> <!-- stack-trace -->
                  <em>
(Attempt to register a student with an invalid email format)                  </em>
                </div> <!-- method-content -->
              </div> <!-- method -->
              <div class="method">
                <div class="method-content">
                  <a name="registerStudentWithInvalidMobileNumber">
                  </a> <!-- registerStudentWithInvalidMobileNumber -->
                  <span class="method-name">registerStudentWithInvalidMobileNumber</span>
                  <div class="stack-trace">java.lang.AssertionError: 1 expectation failed.
Expected status code &lt;400&gt; but was &lt;200&gt;.

	at org.codehaus.groovy.runtime.callsite.ConstructorSite$ConstructorSiteNoUnwrapNoCoerce.callConstructor(ConstructorSite.java:108)
	at org.codehaus.groovy.runtime.callsite.AbstractCallSite.callConstructor(AbstractCallSite.java:277)
	at io.restassured.internal.ResponseSpecificationImpl$HamcrestAssertionClosure.validate(ResponseSpecificationImpl.groovy:512)
	at io.restassured.internal.ResponseSpecificationImpl$HamcrestAssertionClosure$validate$1.call(Unknown Source)
	at io.restassured.internal.ResponseSpecificationImpl.validateResponseIfRequired(ResponseSpecificationImpl.groovy:696)
	at io.restassured.internal.ResponseSpecificationImpl.this$2$validateResponseIfRequired(ResponseSpecificationImpl.groovy)
	at org.codehaus.groovy.runtime.callsite.PlainObjectMetaMethodSite.doInvoke(PlainObjectMetaMethodSite.java:43)
	at org.codehaus.groovy.runtime.callsite.PogoMetaMethodSite$PogoCachedMethodSiteNoUnwrapNoCoerce.invoke(PogoMetaMethodSite.java:198)
	at org.codehaus.groovy.runtime.callsite.PogoMetaMethodSite.callCurrent(PogoMetaMethodSite.java:62)
	at org.codehaus.groovy.runtime.callsite.AbstractCallSite.callCurrent(AbstractCallSite.java:185)
	at io.restassured.internal.ResponseSpecificationImpl.statusCode(ResponseSpecificationImpl.groovy:135)
	at io.restassured.specification.ResponseSpecification$statusCode$0.callCurrent(Unknown Source)
	at io.restassured.internal.ResponseSpecificationImpl.statusCode(ResponseSpecificationImpl.groovy:143)
	at io.restassured.internal.ValidatableResponseOptionsImpl.statusCode(ValidatableResponseOptionsImpl.java:89)
	at tests.StudentRegistrationTest.registerStudentWithInvalidMobileNumber(StudentRegistrationTest.java:140)
	at java.base/java.util.ArrayList.forEach(ArrayList.java:1604)
... Removed 31 stack frames
</div> <!-- stack-trace -->
                  <em>
(Attempt to register a student with an invalid mobile number format)                  </em>
                </div> <!-- method-content -->
              </div> <!-- method -->
              <div class="method">
                <div class="method-content">
                  <a name="registerStudentWithMissingName">
                  </a> <!-- registerStudentWithMissingName -->
                  <span class="method-name">registerStudentWithMissingName</span>
                  <div class="stack-trace">java.lang.AssertionError: 1 expectation failed.
Expected status code &lt;400&gt; but was &lt;200&gt;.

	at org.codehaus.groovy.runtime.callsite.ConstructorSite$ConstructorSiteNoUnwrapNoCoerce.callConstructor(ConstructorSite.java:108)
	at org.codehaus.groovy.runtime.callsite.AbstractCallSite.callConstructor(AbstractCallSite.java:277)
	at io.restassured.internal.ResponseSpecificationImpl$HamcrestAssertionClosure.validate(ResponseSpecificationImpl.groovy:512)
	at io.restassured.internal.ResponseSpecificationImpl$HamcrestAssertionClosure$validate$1.call(Unknown Source)
	at io.restassured.internal.ResponseSpecificationImpl.validateResponseIfRequired(ResponseSpecificationImpl.groovy:696)
	at io.restassured.internal.ResponseSpecificationImpl.this$2$validateResponseIfRequired(ResponseSpecificationImpl.groovy)
	at org.codehaus.groovy.runtime.callsite.PlainObjectMetaMethodSite.doInvoke(PlainObjectMetaMethodSite.java:43)
	at org.codehaus.groovy.runtime.callsite.PogoMetaMethodSite$PogoCachedMethodSiteNoUnwrapNoCoerce.invoke(PogoMetaMethodSite.java:198)
	at org.codehaus.groovy.runtime.callsite.PogoMetaMethodSite.callCurrent(PogoMetaMethodSite.java:62)
	at org.codehaus.groovy.runtime.callsite.AbstractCallSite.callCurrent(AbstractCallSite.java:185)
	at io.restassured.internal.ResponseSpecificationImpl.statusCode(ResponseSpecificationImpl.groovy:135)
	at io.restassured.specification.ResponseSpecification$statusCode$0.callCurrent(Unknown Source)
	at io.restassured.internal.ResponseSpecificationImpl.statusCode(ResponseSpecificationImpl.groovy:143)
	at io.restassured.internal.ValidatableResponseOptionsImpl.statusCode(ValidatableResponseOptionsImpl.java:89)
	at tests.StudentRegistrationTest.registerStudentWithMissingName(StudentRegistrationTest.java:120)
	at java.base/java.util.ArrayList.forEach(ArrayList.java:1604)
... Removed 31 stack frames
</div> <!-- stack-trace -->
                  <em>
(Attempt to register a student with a missing name field)                  </em>
                </div> <!-- method-content -->
              </div> <!-- method -->
              <div class="method">
                <div class="method-content">
                  <a name="registerStudentWithNegativeBacklogs">
                  </a> <!-- registerStudentWithNegativeBacklogs -->
                  <span class="method-name">registerStudentWithNegativeBacklogs</span>
                  <div class="stack-trace">java.lang.AssertionError: 1 expectation failed.
Expected status code &lt;400&gt; but was &lt;200&gt;.

	at org.codehaus.groovy.runtime.callsite.ConstructorSite$ConstructorSiteNoUnwrapNoCoerce.callConstructor(ConstructorSite.java:108)
	at org.codehaus.groovy.runtime.callsite.AbstractCallSite.callConstructor(AbstractCallSite.java:277)
	at io.restassured.internal.ResponseSpecificationImpl$HamcrestAssertionClosure.validate(ResponseSpecificationImpl.groovy:512)
	at io.restassured.internal.ResponseSpecificationImpl$HamcrestAssertionClosure$validate$1.call(Unknown Source)
	at io.restassured.internal.ResponseSpecificationImpl.validateResponseIfRequired(ResponseSpecificationImpl.groovy:696)
	at io.restassured.internal.ResponseSpecificationImpl.this$2$validateResponseIfRequired(ResponseSpecificationImpl.groovy)
	at org.codehaus.groovy.runtime.callsite.PlainObjectMetaMethodSite.doInvoke(PlainObjectMetaMethodSite.java:43)
	at org.codehaus.groovy.runtime.callsite.PogoMetaMethodSite$PogoCachedMethodSiteNoUnwrapNoCoerce.invoke(PogoMetaMethodSite.java:198)
	at org.codehaus.groovy.runtime.callsite.PogoMetaMethodSite.callCurrent(PogoMetaMethodSite.java:62)
	at org.codehaus.groovy.runtime.callsite.AbstractCallSite.callCurrent(AbstractCallSite.java:185)
	at io.restassured.internal.ResponseSpecificationImpl.statusCode(ResponseSpecificationImpl.groovy:135)
	at io.restassured.specification.ResponseSpecification$statusCode$0.callCurrent(Unknown Source)
	at io.restassured.internal.ResponseSpecificationImpl.statusCode(ResponseSpecificationImpl.groovy:143)
	at io.restassured.internal.ValidatableResponseOptionsImpl.statusCode(ValidatableResponseOptionsImpl.java:89)
	at tests.StudentRegistrationTest.registerStudentWithNegativeBacklogs(StudentRegistrationTest.java:174)
	at java.base/java.util.ArrayList.forEach(ArrayList.java:1604)
... Removed 31 stack frames
</div> <!-- stack-trace -->
                  <em>
(Attempt to register a student with a negative backlog count)                  </em>
                </div> <!-- method-content -->
              </div> <!-- method -->
              <div class="method">
                <div class="method-content">
                  <a name="registerStudentWithoutAuthHeader">
                  </a> <!-- registerStudentWithoutAuthHeader -->
                  <span class="method-name">registerStudentWithoutAuthHeader</span>
                  <div class="stack-trace">java.lang.AssertionError: 1 expectation failed.
Expected status code &lt;401&gt; but was &lt;400&gt;.

	at org.codehaus.groovy.runtime.callsite.ConstructorSite$ConstructorSiteNoUnwrapNoCoerce.callConstructor(ConstructorSite.java:108)
	at org.codehaus.groovy.runtime.callsite.AbstractCallSite.callConstructor(AbstractCallSite.java:277)
	at io.restassured.internal.ResponseSpecificationImpl$HamcrestAssertionClosure.validate(ResponseSpecificationImpl.groovy:512)
	at io.restassured.internal.ResponseSpecificationImpl$HamcrestAssertionClosure$validate$1.call(Unknown Source)
	at io.restassured.internal.ResponseSpecificationImpl.validateResponseIfRequired(ResponseSpecificationImpl.groovy:696)
	at io.restassured.internal.ResponseSpecificationImpl.this$2$validateResponseIfRequired(ResponseSpecificationImpl.groovy)
	at org.codehaus.groovy.runtime.callsite.PlainObjectMetaMethodSite.doInvoke(PlainObjectMetaMethodSite.java:43)
	at org.codehaus.groovy.runtime.callsite.PogoMetaMethodSite$PogoCachedMethodSiteNoUnwrapNoCoerce.invoke(PogoMetaMethodSite.java:198)
	at org.codehaus.groovy.runtime.callsite.PogoMetaMethodSite.callCurrent(PogoMetaMethodSite.java:62)
	at org.codehaus.groovy.runtime.callsite.AbstractCallSite.callCurrent(AbstractCallSite.java:185)
	at io.restassured.internal.ResponseSpecificationImpl.statusCode(ResponseSpecificationImpl.groovy:135)
	at io.restassured.specification.ResponseSpecification$statusCode$0.callCurrent(Unknown Source)
	at io.restassured.internal.ResponseSpecificationImpl.statusCode(ResponseSpecificationImpl.groovy:143)
	at io.restassured.internal.ValidatableResponseOptionsImpl.statusCode(ValidatableResponseOptionsImpl.java:89)
	at tests.StudentRegistrationTest.registerStudentWithoutAuthHeader(StudentRegistrationTest.java:190)
	at java.base/java.util.ArrayList.forEach(ArrayList.java:1604)
... Removed 31 stack frames
</div> <!-- stack-trace -->
                  <em>
(Attempt to register a student without an Authorization header)                  </em>
                </div> <!-- method-content -->
              </div> <!-- method -->
            </div> <!-- main-panel-content rounded-window-bottom -->
          </div> <!-- suite-Sprint_4_API_Suite-class-failed -->
          <div class="suite-Sprint_4_API_Suite-class-failed">
            <div class="main-panel-header rounded-window-top">
              <img src="failed.png"/>
              <span class="class-name">tests.ViewAllStudentsTest</span>
            </div> <!-- main-panel-header rounded-window-top -->
            <div class="main-panel-content rounded-window-bottom">
              <div class="method">
                <div class="method-content">
                  <a name="verifyStudentFields">
                  </a> <!-- verifyStudentFields -->
                  <span class="method-name">verifyStudentFields</span>
                  <div class="stack-trace">java.lang.AssertionError: Student &apos;name&apos; should not be null expected object to not be null
	at tests.ViewAllStudentsTest.lambda$1(ViewAllStudentsTest.java:83)
	at java.base/java.util.ArrayList.forEach(ArrayList.java:1604)
	at tests.ViewAllStudentsTest.verifyStudentFields(ViewAllStudentsTest.java:82)
	at java.base/java.util.ArrayList.forEach(ArrayList.java:1604)
... Removed 27 stack frames
</div> <!-- stack-trace -->
                  <em>
(Verify student records contain name and email fields)                  </em>
                </div> <!-- method-content -->
              </div> <!-- method -->
              <div class="method">
                <div class="method-content">
                  <a name="verifyStudentsHaveId">
                  </a> <!-- verifyStudentsHaveId -->
                  <span class="method-name">verifyStudentsHaveId</span>
                  <div class="stack-trace">java.lang.AssertionError: Student &apos;id&apos; should not be null expected object to not be null
	at tests.ViewAllStudentsTest.lambda$0(ViewAllStudentsTest.java:63)
	at java.base/java.util.ArrayList.forEach(ArrayList.java:1604)
	at tests.ViewAllStudentsTest.verifyStudentsHaveId(ViewAllStudentsTest.java:62)
	at java.base/java.util.ArrayList.forEach(ArrayList.java:1604)
... Removed 27 stack frames
</div> <!-- stack-trace -->
                  <em>
(Verify each student record contains 'id' field)                  </em>
                </div> <!-- method-content -->
              </div> <!-- method -->
              <div class="method">
                <div class="method-content">
                  <a name="viewAllStudentsWithoutAuthHeader">
                  </a> <!-- viewAllStudentsWithoutAuthHeader -->
                  <span class="method-name">viewAllStudentsWithoutAuthHeader</span>
                  <div class="stack-trace">java.lang.AssertionError: 1 expectation failed.
Expected status code &lt;401&gt; but was &lt;400&gt;.

	at org.codehaus.groovy.runtime.callsite.ConstructorSite$ConstructorSiteNoUnwrapNoCoerce.callConstructor(ConstructorSite.java:108)
	at org.codehaus.groovy.runtime.callsite.AbstractCallSite.callConstructor(AbstractCallSite.java:277)
	at io.restassured.internal.ResponseSpecificationImpl$HamcrestAssertionClosure.validate(ResponseSpecificationImpl.groovy:512)
	at io.restassured.internal.ResponseSpecificationImpl$HamcrestAssertionClosure$validate$1.call(Unknown Source)
	at io.restassured.internal.ResponseSpecificationImpl.validateResponseIfRequired(ResponseSpecificationImpl.groovy:696)
	at io.restassured.internal.ResponseSpecificationImpl.this$2$validateResponseIfRequired(ResponseSpecificationImpl.groovy)
	at org.codehaus.groovy.runtime.callsite.PlainObjectMetaMethodSite.doInvoke(PlainObjectMetaMethodSite.java:43)
	at org.codehaus.groovy.runtime.callsite.PogoMetaMethodSite$PogoCachedMethodSiteNoUnwrapNoCoerce.invoke(PogoMetaMethodSite.java:198)
	at org.codehaus.groovy.runtime.callsite.PogoMetaMethodSite.callCurrent(PogoMetaMethodSite.java:62)
	at org.codehaus.groovy.runtime.callsite.AbstractCallSite.callCurrent(AbstractCallSite.java:185)
	at io.restassured.internal.ResponseSpecificationImpl.statusCode(ResponseSpecificationImpl.groovy:135)
	at io.restassured.specification.ResponseSpecification$statusCode$0.callCurrent(Unknown Source)
	at io.restassured.internal.ResponseSpecificationImpl.statusCode(ResponseSpecificationImpl.groovy:143)
	at io.restassured.internal.ValidatableResponseOptionsImpl.statusCode(ValidatableResponseOptionsImpl.java:89)
	at tests.ViewAllStudentsTest.viewAllStudentsWithoutAuthHeader(ViewAllStudentsTest.java:44)
	at java.base/java.util.ArrayList.forEach(ArrayList.java:1604)
... Removed 31 stack frames
</div> <!-- stack-trace -->
                  <em>
(Attempt to view all students without an Authorization header)                  </em>
                </div> <!-- method-content -->
              </div> <!-- method -->
            </div> <!-- main-panel-content rounded-window-bottom -->
          </div> <!-- suite-Sprint_4_API_Suite-class-failed -->
          <div class="suite-Sprint_4_API_Suite-class-passed">
            <div class="main-panel-header rounded-window-top">
              <img src="passed.png"/>
              <span class="class-name">tests.InvalidAuthTest</span>
            </div> <!-- main-panel-header rounded-window-top -->
            <div class="main-panel-content rounded-window-bottom">
              <div class="method">
                <div class="method-content">
                  <a name="loginWithBlankCredentials">
                  </a> <!-- loginWithBlankCredentials -->
                  <span class="method-name">loginWithBlankCredentials</span>
                  <em>
(Login with blank username and password)                  </em>
                </div> <!-- method-content -->
              </div> <!-- method -->
              <div class="method">
                <div class="method-content">
                  <a name="loginWithInvalidPassword">
                  </a> <!-- loginWithInvalidPassword -->
                  <span class="method-name">loginWithInvalidPassword</span>
                  <em>
(Login with an invalid password)                  </em>
                </div> <!-- method-content -->
              </div> <!-- method -->
              <div class="method">
                <div class="method-content">
                  <a name="loginWithInvalidUsername">
                  </a> <!-- loginWithInvalidUsername -->
                  <span class="method-name">loginWithInvalidUsername</span>
                  <em>
(Login with an invalid username)                  </em>
                </div> <!-- method-content -->
              </div> <!-- method -->
            </div> <!-- main-panel-content rounded-window-bottom -->
          </div> <!-- suite-Sprint_4_API_Suite-class-passed -->
          <div class="suite-Sprint_4_API_Suite-class-passed">
            <div class="main-panel-header rounded-window-top">
              <img src="passed.png"/>
              <span class="class-name">tests.AuthTest</span>
            </div> <!-- main-panel-header rounded-window-top -->
            <div class="main-panel-content rounded-window-bottom">
              <div class="method">
                <div class="method-content">
                  <a name="getAccessToken">
                  </a> <!-- getAccessToken -->
                  <span class="method-name">getAccessToken</span>
                </div> <!-- method-content -->
              </div> <!-- method -->
            </div> <!-- main-panel-content rounded-window-bottom -->
          </div> <!-- suite-Sprint_4_API_Suite-class-passed -->
          <div class="suite-Sprint_4_API_Suite-class-passed">
            <div class="main-panel-header rounded-window-top">
              <img src="passed.png"/>
              <span class="class-name">tests.StudentRegistrationTest</span>
            </div> <!-- main-panel-header rounded-window-top -->
            <div class="main-panel-content rounded-window-bottom">
              <div class="method">
                <div class="method-content">
                  <a name="registerNewStudent">
                  </a> <!-- registerNewStudent -->
                  <span class="method-name">registerNewStudent</span>
                  <em>
(Register a new student with valid data)                  </em>
                </div> <!-- method-content -->
              </div> <!-- method -->
              <div class="method">
                <div class="method-content">
                  <a name="registerStudentWithInvalidToken">
                  </a> <!-- registerStudentWithInvalidToken -->
                  <span class="method-name">registerStudentWithInvalidToken</span>
                  <em>
(Attempt to register a student with an invalid or expired Authorization token)                  </em>
                </div> <!-- method-content -->
              </div> <!-- method -->
              <div class="method">
                <div class="method-content">
                  <a name="registerStudentWithMaxCGPA">
                  </a> <!-- registerStudentWithMaxCGPA -->
                  <span class="method-name">registerStudentWithMaxCGPA</span>
                  <em>
(Register a student with boundary CGPA value 10.0)                  </em>
                </div> <!-- method-content -->
              </div> <!-- method -->
              <div class="method">
                <div class="method-content">
                  <a name="registerStudentWithMinCGPA">
                  </a> <!-- registerStudentWithMinCGPA -->
                  <span class="method-name">registerStudentWithMinCGPA</span>
                  <em>
(Register a student with minimum CGPA value 0.0)                  </em>
                </div> <!-- method-content -->
              </div> <!-- method -->
              <div class="method">
                <div class="method-content">
                  <a name="registerStudentWithMinimalFields">
                  </a> <!-- registerStudentWithMinimalFields -->
                  <span class="method-name">registerStudentWithMinimalFields</span>
                  <em>
(Register a student with minimal required fields)                  </em>
                </div> <!-- method-content -->
              </div> <!-- method -->
            </div> <!-- main-panel-content rounded-window-bottom -->
          </div> <!-- suite-Sprint_4_API_Suite-class-passed -->
          <div class="suite-Sprint_4_API_Suite-class-passed">
            <div class="main-panel-header rounded-window-top">
              <img src="passed.png"/>
              <span class="class-name">tests.ViewAllStudentsTest</span>
            </div> <!-- main-panel-header rounded-window-top -->
            <div class="main-panel-content rounded-window-bottom">
              <div class="method">
                <div class="method-content">
                  <a name="verifyStudentCount">
                  </a> <!-- verifyStudentCount -->
                  <span class="method-name">verifyStudentCount</span>
                  <em>
(Verify total student count is greater than zero)                  </em>
                </div> <!-- method-content -->
              </div> <!-- method -->
              <div class="method">
                <div class="method-content">
                  <a name="viewAllStudents">
                  </a> <!-- viewAllStudents -->
                  <span class="method-name">viewAllStudents</span>
                  <em>
(View all registered students with a valid access token)                  </em>
                </div> <!-- method-content -->
              </div> <!-- method -->
            </div> <!-- main-panel-content rounded-window-bottom -->
          </div> <!-- suite-Sprint_4_API_Suite-class-passed -->
        </div> <!-- panel Sprint_4_API_Suite -->
        <div panel-name="test-xml-Sprint_4_API_Suite" class="panel">
          <div class="main-panel-header rounded-window-top">
            <span class="header-content">C:\Users\agarw\Downloads\sprint4\sprint4\testng.xml</span>
          </div> <!-- main-panel-header rounded-window-top -->
          <div class="main-panel-content rounded-window-bottom">
            <pre>
&lt;?xml version=&quot;1.0&quot; encoding=&quot;UTF-8&quot;?&gt;
&lt;!DOCTYPE suite SYSTEM &quot;https://testng.org/testng-1.0.dtd&quot;&gt;
&lt;suite name=&quot;Sprint 4 API Suite&quot; guice-stage=&quot;DEVELOPMENT&quot;&gt;
  &lt;listeners&gt;
    &lt;listener class-name=&quot;utils.TestListener&quot;/&gt;
  &lt;/listeners&gt;
  &lt;test thread-count=&quot;5&quot; name=&quot;API Test Cases&quot;&gt;
    &lt;classes&gt;
      &lt;class name=&quot;tests.AuthTest&quot;/&gt;
      &lt;class name=&quot;tests.InvalidAuthTest&quot;/&gt;
      &lt;class name=&quot;tests.StudentRegistrationTest&quot;/&gt;
      &lt;class name=&quot;tests.ViewAllStudentsTest&quot;/&gt;
    &lt;/classes&gt;
  &lt;/test&gt; &lt;!-- API Test Cases --&gt;
&lt;/suite&gt; &lt;!-- Sprint 4 API Suite --&gt;
            </pre>
          </div> <!-- main-panel-content rounded-window-bottom -->
        </div> <!-- panel -->
        <div panel-name="testlist-Sprint_4_API_Suite" class="panel">
          <div class="main-panel-header rounded-window-top">
            <span class="header-content">Tests for Sprint 4 API Suite</span>
          </div> <!-- main-panel-header rounded-window-top -->
          <div class="main-panel-content rounded-window-bottom">
            <ul>
              <li>
                <span class="test-name">API Test Cases (4 classes)</span>
              </li>
            </ul>
          </div> <!-- main-panel-content rounded-window-bottom -->
        </div> <!-- panel -->
        <div panel-name="group-Sprint_4_API_Suite" class="panel">
          <div class="main-panel-header rounded-window-top">
            <span class="header-content">Groups for Sprint 4 API Suite</span>
          </div> <!-- main-panel-header rounded-window-top -->
          <div class="main-panel-content rounded-window-bottom">
          </div> <!-- main-panel-content rounded-window-bottom -->
        </div> <!-- panel -->
        <div panel-name="times-Sprint_4_API_Suite" class="panel">
          <div class="main-panel-header rounded-window-top">
            <span class="header-content">Times for Sprint 4 API Suite</span>
          </div> <!-- main-panel-header rounded-window-top -->
          <div class="main-panel-content rounded-window-bottom">
            <div class="times-div">
              <script type="text/javascript">
suiteTableInitFunctions.push('tableData_Sprint_4_API_Suite');
function tableData_Sprint_4_API_Suite() {
var data = new google.visualization.DataTable();
data.addColumn('number', 'Number');
data.addColumn('string', 'Method');
data.addColumn('string', 'Class');
data.addColumn('number', 'Time (ms)');
data.addRows(22);
data.setCell(0, 0, 0)
data.setCell(0, 1, 'verifyStudentFields')
data.setCell(0, 2, 'tests.ViewAllStudentsTest')
data.setCell(0, 3, 3322);
data.setCell(1, 0, 1)
data.setCell(1, 1, 'viewAllStudents')
data.setCell(1, 2, 'tests.ViewAllStudentsTest')
data.setCell(1, 3, 3131);
data.setCell(2, 0, 2)
data.setCell(2, 1, 'verifyStudentCount')
data.setCell(2, 2, 'tests.ViewAllStudentsTest')
data.setCell(2, 3, 2074);
data.setCell(3, 0, 3)
data.setCell(3, 1, 'verifyStudentsHaveId')
data.setCell(3, 2, 'tests.ViewAllStudentsTest')
data.setCell(3, 3, 1873);
data.setCell(4, 0, 4)
data.setCell(4, 1, 'getAccessToken')
data.setCell(4, 2, 'tests.AuthTest')
data.setCell(4, 3, 1636);
data.setCell(5, 0, 5)
data.setCell(5, 1, 'loginWithMissingPasswordField')
data.setCell(5, 2, 'tests.InvalidAuthTest')
data.setCell(5, 3, 269);
data.setCell(6, 0, 6)
data.setCell(6, 1, 'registerNewStudent')
data.setCell(6, 2, 'tests.StudentRegistrationTest')
data.setCell(6, 3, 241);
data.setCell(7, 0, 7)
data.setCell(7, 1, 'loginWithMissingUsernameField')
data.setCell(7, 2, 'tests.InvalidAuthTest')
data.setCell(7, 3, 241);
data.setCell(8, 0, 8)
data.setCell(8, 1, 'registerStudentWithInvalidMobileNumber')
data.setCell(8, 2, 'tests.StudentRegistrationTest')
data.setCell(8, 3, 217);
data.setCell(9, 0, 9)
data.setCell(9, 1, 'registerStudentWithMissingName')
data.setCell(9, 2, 'tests.StudentRegistrationTest')
data.setCell(9, 3, 211);
data.setCell(10, 0, 10)
data.setCell(10, 1, 'registerStudentWithInvalidEmail')
data.setCell(10, 2, 'tests.StudentRegistrationTest')
data.setCell(10, 3, 203);
data.setCell(11, 0, 11)
data.setCell(11, 1, 'registerStudentWithInvalidToken')
data.setCell(11, 2, 'tests.StudentRegistrationTest')
data.setCell(11, 3, 194);
data.setCell(12, 0, 12)
data.setCell(12, 1, 'registerStudentWithMaxCGPA')
data.setCell(12, 2, 'tests.StudentRegistrationTest')
data.setCell(12, 3, 192);
data.setCell(13, 0, 13)
data.setCell(13, 1, 'loginWithInvalidPassword')
data.setCell(13, 2, 'tests.InvalidAuthTest')
data.setCell(13, 3, 189);
data.setCell(14, 0, 14)
data.setCell(14, 1, 'registerStudentWithNegativeBacklogs')
data.setCell(14, 2, 'tests.StudentRegistrationTest')
data.setCell(14, 3, 182);
data.setCell(15, 0, 15)
data.setCell(15, 1, 'registerStudentWithHighCGPA')
data.setCell(15, 2, 'tests.StudentRegistrationTest')
data.setCell(15, 3, 179);
data.setCell(16, 0, 16)
data.setCell(16, 1, 'loginWithBlankCredentials')
data.setCell(16, 2, 'tests.InvalidAuthTest')
data.setCell(16, 3, 175);
data.setCell(17, 0, 17)
data.setCell(17, 1, 'viewAllStudentsWithoutAuthHeader')
data.setCell(17, 2, 'tests.ViewAllStudentsTest')
data.setCell(17, 3, 173);
data.setCell(18, 0, 18)
data.setCell(18, 1, 'registerStudentWithMinCGPA')
data.setCell(18, 2, 'tests.StudentRegistrationTest')
data.setCell(18, 3, 169);
data.setCell(19, 0, 19)
data.setCell(19, 1, 'registerStudentWithMinimalFields')
data.setCell(19, 2, 'tests.StudentRegistrationTest')
data.setCell(19, 3, 161);
data.setCell(20, 0, 20)
data.setCell(20, 1, 'loginWithInvalidUsername')
data.setCell(20, 2, 'tests.InvalidAuthTest')
data.setCell(20, 3, 158);
data.setCell(21, 0, 21)
data.setCell(21, 1, 'registerStudentWithoutAuthHeader')
data.setCell(21, 2, 'tests.StudentRegistrationTest')
data.setCell(21, 3, 157);
window.suiteTableData['Sprint_4_API_Suite']= { tableData: data, tableDiv: 'times-div-Sprint_4_API_Suite'}
return data;
}
              </script>
              <span class="suite-total-time">Total running time: 15 seconds</span>
              <div id="times-div-Sprint_4_API_Suite">
              </div> <!-- times-div-Sprint_4_API_Suite -->
            </div> <!-- times-div -->
          </div> <!-- main-panel-content rounded-window-bottom -->
        </div> <!-- panel -->
        <div panel-name="reporter-Sprint_4_API_Suite" class="panel">
          <div class="main-panel-header rounded-window-top">
            <span class="header-content">Reporter output for Sprint 4 API Suite</span>
          </div> <!-- main-panel-header rounded-window-top -->
          <div class="main-panel-content rounded-window-bottom">
          </div> <!-- main-panel-content rounded-window-bottom -->
        </div> <!-- panel -->
        <div panel-name="ignored-methods-Sprint_4_API_Suite" class="panel">
          <div class="main-panel-header rounded-window-top">
            <span class="header-content">0 ignored methods</span>
          </div> <!-- main-panel-header rounded-window-top -->
          <div class="main-panel-content rounded-window-bottom">
          </div> <!-- main-panel-content rounded-window-bottom -->
        </div> <!-- panel -->
        <div panel-name="chronological-Sprint_4_API_Suite" class="panel">
          <div class="main-panel-header rounded-window-top">
            <span class="header-content">Methods in chronological order</span>
          </div> <!-- main-panel-header rounded-window-top -->
          <div class="main-panel-content rounded-window-bottom">
            <div class="chronological-class">
              <div class="chronological-class-name">tests.AuthTest</div> <!-- chronological-class-name -->
              <div class="test-method">
                <span class="method-name">getAccessToken</span>
                <span class="method-start">0 ms</span>
              </div> <!-- test-method -->
            </div> <!-- chronological-class -->
            <div class="chronological-class">
              <div class="chronological-class-name">tests.InvalidAuthTest</div> <!-- chronological-class-name -->
              <div class="test-method">
                <span class="method-name">loginWithBlankCredentials</span>
                <span class="method-start">1644 ms</span>
              </div> <!-- test-method -->
              <div class="test-method">
                <span class="method-name">loginWithInvalidPassword</span>
                <span class="method-start">1822 ms</span>
              </div> <!-- test-method -->
              <div class="test-method">
                <span class="method-name">loginWithInvalidUsername</span>
                <span class="method-start">2013 ms</span>
              </div> <!-- test-method -->
              <div class="test-method">
                <img src="failed.png">
                </img>
                <span class="method-name">loginWithMissingPasswordField</span>
                <span class="method-start">2176 ms</span>
              </div> <!-- test-method -->
              <div class="test-method">
                <img src="failed.png">
                </img>
                <span class="method-name">loginWithMissingUsernameField</span>
                <span class="method-start">2453 ms</span>
              </div> <!-- test-method -->
            </div> <!-- chronological-class -->
            <div class="chronological-class">
              <div class="chronological-class-name">tests.StudentRegistrationTest</div> <!-- chronological-class-name -->
              <div class="test-method">
                <span class="method-name">registerNewStudent</span>
                <span class="method-start">2704 ms</span>
              </div> <!-- test-method -->
              <div class="test-method">
                <img src="failed.png">
                </img>
                <span class="method-name">registerStudentWithHighCGPA</span>
                <span class="method-start">2947 ms</span>
              </div> <!-- test-method -->
              <div class="test-method">
                <img src="failed.png">
                </img>
                <span class="method-name">registerStudentWithInvalidEmail</span>
                <span class="method-start">3137 ms</span>
              </div> <!-- test-method -->
              <div class="test-method">
                <img src="failed.png">
                </img>
                <span class="method-name">registerStudentWithInvalidMobileNumber</span>
                <span class="method-start">3347 ms</span>
              </div> <!-- test-method -->
              <div class="test-method">
                <span class="method-name">registerStudentWithInvalidToken</span>
                <span class="method-start">3576 ms</span>
              </div> <!-- test-method -->
              <div class="test-method">
                <span class="method-name">registerStudentWithMaxCGPA</span>
                <span class="method-start">3776 ms</span>
              </div> <!-- test-method -->
              <div class="test-method">
                <span class="method-name">registerStudentWithMinCGPA</span>
                <span class="method-start">3971 ms</span>
              </div> <!-- test-method -->
              <div class="test-method">
                <span class="method-name">registerStudentWithMinimalFields</span>
                <span class="method-start">4147 ms</span>
              </div> <!-- test-method -->
              <div class="test-method">
                <img src="failed.png">
                </img>
                <span class="method-name">registerStudentWithMissingName</span>
                <span class="method-start">4316 ms</span>
              </div> <!-- test-method -->
              <div class="test-method">
                <img src="failed.png">
                </img>
                <span class="method-name">registerStudentWithNegativeBacklogs</span>
                <span class="method-start">4534 ms</span>
              </div> <!-- test-method -->
              <div class="test-method">
                <img src="failed.png">
                </img>
                <span class="method-name">registerStudentWithoutAuthHeader</span>
                <span class="method-start">4725 ms</span>
              </div> <!-- test-method -->
            </div> <!-- chronological-class -->
            <div class="chronological-class">
              <div class="chronological-class-name">tests.ViewAllStudentsTest</div> <!-- chronological-class-name -->
              <div class="test-method">
                <span class="method-name">verifyStudentCount</span>
                <span class="method-start">4885 ms</span>
              </div> <!-- test-method -->
              <div class="test-method">
                <img src="failed.png">
                </img>
                <span class="method-name">verifyStudentFields</span>
                <span class="method-start">6960 ms</span>
              </div> <!-- test-method -->
              <div class="test-method">
                <img src="failed.png">
                </img>
                <span class="method-name">verifyStudentsHaveId</span>
                <span class="method-start">10284 ms</span>
              </div> <!-- test-method -->
              <div class="test-method">
                <span class="method-name">viewAllStudents</span>
                <span class="method-start">12159 ms</span>
              </div> <!-- test-method -->
              <div class="test-method">
                <img src="failed.png">
                </img>
                <span class="method-name">viewAllStudentsWithoutAuthHeader</span>
                <span class="method-start">15291 ms</span>
              </div> <!-- test-method -->
          </div> <!-- main-panel-content rounded-window-bottom -->
        </div> <!-- panel -->
      </div> <!-- main-panel-root -->
    </div> <!-- wrapper -->
  </body>
<script type="text/javascript" src="testng-reports2.js"></script>
</html>
